<?xml version="1.0" encoding="UTF-8"?>
<testsuite xmlns:xsi="http://www.w3.org/2001/XMLSchema-instance" xsi:noNamespaceSchemaLocation="https://maven.apache.org/surefire/maven-surefire-plugin/xsd/surefire-test-report-3.0.xsd" version="3.0" name="ru.yandex.Tests" time="7.485" tests="1" errors="1" skipped="0" failures="0">
  <properties>
[...]
</properties>
  <testcase name="testSelenide" classname="ru.yandex.Tests" time="7.38">
    <error type="java.lang.VerifyError"><![CDATA[java.lang.VerifyError: 
Expecting a stackmap frame at branch target 25
Exception Details:
  Location:
    pages/YandexMarketPage.filterManufacturer(Ljava/lang/String;)Lpages/YandexMarketPage; @12: invokestatic
  Reason:
    Expected stackmap frame at this location.
  Bytecode:
    0000000: 2b4e b200 622a 2a2d b800 654d b800 542c
    0000010: b600 582a 3a05 a700 103a 04b8 0054 1904
    0000020: b600 5c19 04bf b800 54b6 005f 1905 b0  
  Exception Handler Table:
    bci [12, 25] => handler: 25

	at ru.yandex.Tests.testSelenide(Tests.java:22)
]]></error>
    <system-err><![CDATA[AspectJ Internal Error: unable to add stackmap attributes. Unsupported class file major version 60
Starting ChromeDriver 99.0.4844.51 (d537ec02474b5afe23684e7963d538896c63ac77-refs/branch-heads/4844@{#875}) on port 2198
Only local connections are allowed.
Please see https://chromedriver.chromium.org/security-considerations for suggestions on keeping ChromeDriver safe.
ChromeDriver was started successfully.
мар. 23, 2022 10:14:41 PM org.openqa.selenium.remote.ProtocolHandshake createSession
INFO: Detected dialect: W3C
]]></system-err>
  </testcase>
</testsuite>